{"/mnt/projetos/claude/AIOS_Designers/packages/web/src/engine/AnalysisEngine.js": {"path":"/mnt/projetos/claude/AIOS_Designers/packages/web/src/engine/AnalysisEngine.js","statementMap":{"0":{"start":{"line":6,"column":23},"end":{"line":6,"column":50}},"1":{"start":{"line":7,"column":21},"end":{"line":7,"column":46}},"2":{"start":{"line":8,"column":23},"end":{"line":8,"column":50}},"3":{"start":{"line":9,"column":21},"end":{"line":9,"column":46}},"4":{"start":{"line":10,"column":56},"end":{"line":10,"column":82}},"5":{"start":{"line":11,"column":15},"end":{"line":11,"column":41}},"6":{"start":{"line":15,"column":4},"end":{"line":15,"column":47}},"7":{"start":{"line":16,"column":4},"end":{"line":16,"column":43}},"8":{"start":{"line":17,"column":4},"end":{"line":17,"column":47}},"9":{"start":{"line":18,"column":4},"end":{"line":18,"column":43}},"10":{"start":{"line":19,"column":4},"end":{"line":19,"column":24}},"11":{"start":{"line":20,"column":4},"end":{"line":20,"column":27}},"12":{"start":{"line":21,"column":4},"end":{"line":21,"column":31}},"13":{"start":{"line":29,"column":4},"end":{"line":37,"column":5}},"14":{"start":{"line":30,"column":6},"end":{"line":30,"column":49}},"15":{"start":{"line":31,"column":6},"end":{"line":31,"column":41}},"16":{"start":{"line":32,"column":6},"end":{"line":32,"column":32}},"17":{"start":{"line":33,"column":6},"end":{"line":33,"column":61}},"18":{"start":{"line":35,"column":6},"end":{"line":35,"column":84}},"19":{"start":{"line":36,"column":6},"end":{"line":36,"column":18}},"20":{"start":{"line":47,"column":4},"end":{"line":49,"column":5}},"21":{"start":{"line":48,"column":6},"end":{"line":48,"column":89}},"22":{"start":{"line":51,"column":18},"end":{"line":51,"column":22}},"23":{"start":{"line":52,"column":15},"end":{"line":52,"column":19}},"24":{"start":{"line":54,"column":4},"end":{"line":117,"column":5}},"25":{"start":{"line":56,"column":27},"end":{"line":56,"column":58}},"26":{"start":{"line":59,"column":6},"end":{"line":59,"column":64}},"27":{"start":{"line":62,"column":6},"end":{"line":64,"column":7}},"28":{"start":{"line":63,"column":8},"end":{"line":63,"column":91}},"29":{"start":{"line":67,"column":6},"end":{"line":67,"column":68}},"30":{"start":{"line":70,"column":6},"end":{"line":70,"column":79}},"31":{"start":{"line":71,"column":23},"end":{"line":71,"column":60}},"32":{"start":{"line":74,"column":29},"end":{"line":74,"column":75}},"33":{"start":{"line":77,"column":27},"end":{"line":77,"column":74}},"34":{"start":{"line":78,"column":25},"end":{"line":78,"column":70}},"35":{"start":{"line":81,"column":6},"end":{"line":84,"column":9}},"36":{"start":{"line":86,"column":6},"end":{"line":89,"column":9}},"37":{"start":{"line":91,"column":6},"end":{"line":100,"column":8}},"38":{"start":{"line":103,"column":6},"end":{"line":108,"column":7}},"39":{"start":{"line":104,"column":8},"end":{"line":107,"column":11}},"40":{"start":{"line":110,"column":6},"end":{"line":110,"column":69}},"41":{"start":{"line":111,"column":6},"end":{"line":111,"column":18}},"42":{"start":{"line":114,"column":6},"end":{"line":116,"column":7}},"43":{"start":{"line":115,"column":8},"end":{"line":115,"column":50}},"44":{"start":{"line":130,"column":4},"end":{"line":152,"column":5}},"45":{"start":{"line":130,"column":23},"end":{"line":130,"column":24}},"46":{"start":{"line":131,"column":6},"end":{"line":151,"column":7}},"47":{"start":{"line":132,"column":8},"end":{"line":134,"column":11}},"48":{"start":{"line":136,"column":21},"end":{"line":136,"column":60}},"49":{"start":{"line":137,"column":8},"end":{"line":137,"column":20}},"50":{"start":{"line":139,"column":8},"end":{"line":139,"column":26}},"51":{"start":{"line":140,"column":8},"end":{"line":144,"column":11}},"52":{"start":{"line":146,"column":8},"end":{"line":150,"column":9}},"53":{"start":{"line":148,"column":24},"end":{"line":148,"column":55}},"54":{"start":{"line":149,"column":10},"end":{"line":149,"column":67}},"55":{"start":{"line":149,"column":39},"end":{"line":149,"column":65}},"56":{"start":{"line":154,"column":4},"end":{"line":154,"column":20}},"57":{"start":{"line":163,"column":4},"end":{"line":163,"column":53}},"58":{"start":{"line":171,"column":4},"end":{"line":171,"column":52}},"59":{"start":{"line":179,"column":4},"end":{"line":182,"column":6}},"60":{"start":{"line":190,"column":4},"end":{"line":190,"column":52}},"61":{"start":{"line":198,"column":4},"end":{"line":207,"column":5}},"62":{"start":{"line":199,"column":6},"end":{"line":199,"column":50}},"63":{"start":{"line":200,"column":6},"end":{"line":200,"column":21}},"64":{"start":{"line":201,"column":6},"end":{"line":201,"column":40}},"65":{"start":{"line":202,"column":6},"end":{"line":202,"column":33}},"66":{"start":{"line":203,"column":6},"end":{"line":203,"column":54}},"67":{"start":{"line":205,"column":6},"end":{"line":205,"column":70}},"68":{"start":{"line":206,"column":6},"end":{"line":206,"column":18}},"69":{"start":{"line":211,"column":0},"end":{"line":211,"column":32}}},"fnMap":{"0":{"name":"(anonymous_0)","decl":{"start":{"line":14,"column":2},"end":{"line":14,"column":3}},"loc":{"start":{"line":14,"column":28},"end":{"line":22,"column":3}},"line":14},"1":{"name":"(anonymous_1)","decl":{"start":{"line":28,"column":2},"end":{"line":28,"column":3}},"loc":{"start":{"line":28,"column":21},"end":{"line":38,"column":3}},"line":28},"2":{"name":"(anonymous_2)","decl":{"start":{"line":45,"column":2},"end":{"line":45,"column":3}},"loc":{"start":{"line":45,"column":21},"end":{"line":118,"column":3}},"line":45},"3":{"name":"(anonymous_3)","decl":{"start":{"line":127,"column":2},"end":{"line":127,"column":3}},"loc":{"start":{"line":127,"column":43},"end":{"line":155,"column":3}},"line":127},"4":{"name":"(anonymous_4)","decl":{"start":{"line":149,"column":28},"end":{"line":149,"column":29}},"loc":{"start":{"line":149,"column":39},"end":{"line":149,"column":65}},"line":149},"5":{"name":"(anonymous_5)","decl":{"start":{"line":162,"column":2},"end":{"line":162,"column":3}},"loc":{"start":{"line":162,"column":24},"end":{"line":164,"column":3}},"line":162},"6":{"name":"(anonymous_6)","decl":{"start":{"line":170,"column":2},"end":{"line":170,"column":3}},"loc":{"start":{"line":170,"column":23},"end":{"line":172,"column":3}},"line":170},"7":{"name":"(anonymous_7)","decl":{"start":{"line":178,"column":2},"end":{"line":178,"column":3}},"loc":{"start":{"line":178,"column":13},"end":{"line":183,"column":3}},"line":178},"8":{"name":"(anonymous_8)","decl":{"start":{"line":189,"column":2},"end":{"line":189,"column":3}},"loc":{"start":{"line":189,"column":12},"end":{"line":191,"column":3}},"line":189},"9":{"name":"(anonymous_9)","decl":{"start":{"line":197,"column":2},"end":{"line":197,"column":3}},"loc":{"start":{"line":197,"column":19},"end":{"line":208,"column":3}},"line":197}},"branchMap":{"0":{"loc":{"start":{"line":14,"column":14},"end":{"line":14,"column":26}},"type":"default-arg","locations":[{"start":{"line":14,"column":24},"end":{"line":14,"column":26}}],"line":14},"1":{"loc":{"start":{"line":47,"column":4},"end":{"line":49,"column":5}},"type":"if","locations":[{"start":{"line":47,"column":4},"end":{"line":49,"column":5}},{"start":{},"end":{}}],"line":47},"2":{"loc":{"start":{"line":62,"column":6},"end":{"line":64,"column":7}},"type":"if","locations":[{"start":{"line":62,"column":6},"end":{"line":64,"column":7}},{"start":{},"end":{}}],"line":62},"3":{"loc":{"start":{"line":103,"column":6},"end":{"line":108,"column":7}},"type":"if","locations":[{"start":{"line":103,"column":6},"end":{"line":108,"column":7}},{"start":{},"end":{}}],"line":103},"4":{"loc":{"start":{"line":114,"column":6},"end":{"line":116,"column":7}},"type":"if","locations":[{"start":{"line":114,"column":6},"end":{"line":116,"column":7}},{"start":{},"end":{}}],"line":114},"5":{"loc":{"start":{"line":146,"column":8},"end":{"line":150,"column":9}},"type":"if","locations":[{"start":{"line":146,"column":8},"end":{"line":150,"column":9}},{"start":{},"end":{}}],"line":146}},"s":{"0":1,"1":1,"2":1,"3":1,"4":1,"5":1,"6":5,"7":5,"8":5,"9":5,"10":5,"11":5,"12":5,"13":0,"14":0,"15":0,"16":0,"17":0,"18":0,"19":0,"20":0,"21":0,"22":0,"23":0,"24":0,"25":0,"26":0,"27":0,"28":0,"29":0,"30":0,"31":0,"32":0,"33":0,"34":0,"35":0,"36":0,"37":0,"38":0,"39":0,"40":0,"41":0,"42":0,"43":0,"44":0,"45":0,"46":0,"47":0,"48":0,"49":0,"50":0,"51":0,"52":0,"53":0,"54":0,"55":0,"56":0,"57":0,"58":0,"59":0,"60":0,"61":0,"62":0,"63":0,"64":0,"65":0,"66":0,"67":0,"68":0,"69":1},"f":{"0":5,"1":0,"2":0,"3":0,"4":0,"5":0,"6":0,"7":0,"8":0,"9":0},"b":{"0":[5],"1":[0,0],"2":[0,0],"3":[0,0],"4":[0,0],"5":[0,0]},"_coverageSchema":"1a1c01bbd47fc00a2c39e90264f33305004495a9","hash":"6889a3afa50fb32bb4e3898ef7ae435c00c34ee7"}
,"/mnt/projetos/claude/AIOS_Designers/packages/web/src/engine/BrowserManager.js": {"path":"/mnt/projetos/claude/AIOS_Designers/packages/web/src/engine/BrowserManager.js","statementMap":{"0":{"start":{"line":6,"column":18},"end":{"line":6,"column":38}},"1":{"start":{"line":7,"column":39},"end":{"line":7,"column":65}},"2":{"start":{"line":8,"column":15},"end":{"line":8,"column":41}},"3":{"start":{"line":12,"column":4},"end":{"line":12,"column":24}},"4":{"start":{"line":13,"column":4},"end":{"line":13,"column":29}},"5":{"start":{"line":14,"column":4},"end":{"line":14,"column":35}},"6":{"start":{"line":23,"column":4},"end":{"line":41,"column":5}},"7":{"start":{"line":24,"column":28},"end":{"line":32,"column":7}},"8":{"start":{"line":34,"column":6},"end":{"line":34,"column":59}},"9":{"start":{"line":35,"column":6},"end":{"line":35,"column":51}},"10":{"start":{"line":37,"column":6},"end":{"line":37,"column":73}},"11":{"start":{"line":38,"column":6},"end":{"line":40,"column":9}},"12":{"start":{"line":51,"column":4},"end":{"line":53,"column":5}},"13":{"start":{"line":52,"column":6},"end":{"line":52,"column":78}},"14":{"start":{"line":55,"column":4},"end":{"line":94,"column":5}},"15":{"start":{"line":56,"column":19},"end":{"line":56,"column":47}},"16":{"start":{"line":57,"column":6},"end":{"line":57,"column":47}},"17":{"start":{"line":58,"column":6},"end":{"line":58,"column":63}},"18":{"start":{"line":61,"column":6},"end":{"line":61,"column":60}},"19":{"start":{"line":63,"column":6},"end":{"line":63,"column":48}},"20":{"start":{"line":66,"column":23},"end":{"line":69,"column":8}},"21":{"start":{"line":72,"column":6},"end":{"line":74,"column":7}},"22":{"start":{"line":73,"column":8},"end":{"line":73,"column":75}},"23":{"start":{"line":76,"column":21},"end":{"line":76,"column":38}},"24":{"start":{"line":77,"column":6},"end":{"line":79,"column":7}},"25":{"start":{"line":78,"column":8},"end":{"line":78,"column":66}},"26":{"start":{"line":81,"column":6},"end":{"line":81,"column":60}},"27":{"start":{"line":82,"column":6},"end":{"line":82,"column":18}},"28":{"start":{"line":84,"column":6},"end":{"line":84,"column":71}},"29":{"start":{"line":86,"column":6},"end":{"line":88,"column":7}},"30":{"start":{"line":87,"column":8},"end":{"line":87,"column":73}},"31":{"start":{"line":90,"column":6},"end":{"line":93,"column":9}},"32":{"start":{"line":104,"column":4},"end":{"line":119,"column":5}},"33":{"start":{"line":105,"column":29},"end":{"line":105,"column":78}},"34":{"start":{"line":107,"column":6},"end":{"line":110,"column":9}},"35":{"start":{"line":112,"column":6},"end":{"line":112,"column":67}},"36":{"start":{"line":113,"column":6},"end":{"line":113,"column":28}},"37":{"start":{"line":115,"column":6},"end":{"line":115,"column":77}},"38":{"start":{"line":116,"column":6},"end":{"line":118,"column":9}},"39":{"start":{"line":128,"column":4},"end":{"line":133,"column":5}},"40":{"start":{"line":129,"column":6},"end":{"line":129,"column":25}},"41":{"start":{"line":130,"column":6},"end":{"line":130,"column":34}},"42":{"start":{"line":132,"column":6},"end":{"line":132,"column":66}},"43":{"start":{"line":141,"column":4},"end":{"line":152,"column":5}},"44":{"start":{"line":142,"column":6},"end":{"line":146,"column":7}},"45":{"start":{"line":143,"column":8},"end":{"line":143,"column":35}},"46":{"start":{"line":144,"column":8},"end":{"line":144,"column":28}},"47":{"start":{"line":145,"column":8},"end":{"line":145,"column":38}},"48":{"start":{"line":148,"column":6},"end":{"line":148,"column":70}},"49":{"start":{"line":149,"column":6},"end":{"line":151,"column":9}},"50":{"start":{"line":160,"column":4},"end":{"line":160,"column":33}},"51":{"start":{"line":169,"column":17},"end":{"line":169,"column":61}},"52":{"start":{"line":170,"column":15},"end":{"line":170,"column":29}},"53":{"start":{"line":172,"column":4},"end":{"line":174,"column":5}},"54":{"start":{"line":173,"column":6},"end":{"line":173,"column":87}},"55":{"start":{"line":176,"column":4},"end":{"line":176,"column":14}},"56":{"start":{"line":180,"column":0},"end":{"line":180,"column":32}}},"fnMap":{"0":{"name":"(anonymous_0)","decl":{"start":{"line":11,"column":2},"end":{"line":11,"column":3}},"loc":{"start":{"line":11,"column":16},"end":{"line":15,"column":3}},"line":11},"1":{"name":"(anonymous_1)","decl":{"start":{"line":22,"column":2},"end":{"line":22,"column":3}},"loc":{"start":{"line":22,"column":29},"end":{"line":42,"column":3}},"line":22},"2":{"name":"(anonymous_2)","decl":{"start":{"line":50,"column":2},"end":{"line":50,"column":3}},"loc":{"start":{"line":50,"column":36},"end":{"line":95,"column":3}},"line":50},"3":{"name":"(anonymous_3)","decl":{"start":{"line":103,"column":2},"end":{"line":103,"column":3}},"loc":{"start":{"line":103,"column":48},"end":{"line":120,"column":3}},"line":103},"4":{"name":"(anonymous_4)","decl":{"start":{"line":127,"column":2},"end":{"line":127,"column":3}},"loc":{"start":{"line":127,"column":24},"end":{"line":134,"column":3}},"line":127},"5":{"name":"(anonymous_5)","decl":{"start":{"line":140,"column":2},"end":{"line":140,"column":3}},"loc":{"start":{"line":140,"column":16},"end":{"line":153,"column":3}},"line":140},"6":{"name":"(anonymous_6)","decl":{"start":{"line":159,"column":2},"end":{"line":159,"column":3}},"loc":{"start":{"line":159,"column":19},"end":{"line":161,"column":3}},"line":159},"7":{"name":"(anonymous_7)","decl":{"start":{"line":168,"column":2},"end":{"line":168,"column":3}},"loc":{"start":{"line":168,"column":28},"end":{"line":177,"column":3}},"line":168}},"branchMap":{"0":{"loc":{"start":{"line":22,"column":15},"end":{"line":22,"column":27}},"type":"default-arg","locations":[{"start":{"line":22,"column":25},"end":{"line":22,"column":27}}],"line":22},"1":{"loc":{"start":{"line":50,"column":22},"end":{"line":50,"column":34}},"type":"default-arg","locations":[{"start":{"line":50,"column":32},"end":{"line":50,"column":34}}],"line":50},"2":{"loc":{"start":{"line":51,"column":4},"end":{"line":53,"column":5}},"type":"if","locations":[{"start":{"line":51,"column":4},"end":{"line":53,"column":5}},{"start":{},"end":{}}],"line":51},"3":{"loc":{"start":{"line":72,"column":6},"end":{"line":74,"column":7}},"type":"if","locations":[{"start":{"line":72,"column":6},"end":{"line":74,"column":7}},{"start":{},"end":{}}],"line":72},"4":{"loc":{"start":{"line":77,"column":6},"end":{"line":79,"column":7}},"type":"if","locations":[{"start":{"line":77,"column":6},"end":{"line":79,"column":7}},{"start":{},"end":{}}],"line":77},"5":{"loc":{"start":{"line":77,"column":10},"end":{"line":77,"column":39}},"type":"binary-expr","locations":[{"start":{"line":77,"column":10},"end":{"line":77,"column":22}},{"start":{"line":77,"column":26},"end":{"line":77,"column":39}}],"line":77},"6":{"loc":{"start":{"line":86,"column":6},"end":{"line":88,"column":7}},"type":"if","locations":[{"start":{"line":86,"column":6},"end":{"line":88,"column":7}},{"start":{},"end":{}}],"line":86},"7":{"loc":{"start":{"line":103,"column":29},"end":{"line":103,"column":46}},"type":"default-arg","locations":[{"start":{"line":103,"column":42},"end":{"line":103,"column":46}}],"line":103},"8":{"loc":{"start":{"line":105,"column":29},"end":{"line":105,"column":78}},"type":"binary-expr","locations":[{"start":{"line":105,"column":29},"end":{"line":105,"column":39}},{"start":{"line":105,"column":43},"end":{"line":105,"column":78}}],"line":105},"9":{"loc":{"start":{"line":142,"column":6},"end":{"line":146,"column":7}},"type":"if","locations":[{"start":{"line":142,"column":6},"end":{"line":146,"column":7}},{"start":{},"end":{}}],"line":142},"10":{"loc":{"start":{"line":168,"column":13},"end":{"line":168,"column":26}},"type":"default-arg","locations":[{"start":{"line":168,"column":23},"end":{"line":168,"column":26}}],"line":168},"11":{"loc":{"start":{"line":172,"column":4},"end":{"line":174,"column":5}},"type":"if","locations":[{"start":{"line":172,"column":4},"end":{"line":174,"column":5}},{"start":{},"end":{}}],"line":172}},"s":{"0":1,"1":1,"2":1,"3":7,"4":7,"5":7,"6":0,"7":0,"8":0,"9":0,"10":0,"11":0,"12":0,"13":0,"14":0,"15":0,"16":0,"17":0,"18":0,"19":0,"20":0,"21":0,"22":0,"23":0,"24":0,"25":0,"26":0,"27":0,"28":0,"29":0,"30":0,"31":0,"32":0,"33":0,"34":0,"35":0,"36":0,"37":0,"38":0,"39":0,"40":0,"41":0,"42":0,"43":0,"44":0,"45":0,"46":0,"47":0,"48":0,"49":0,"50":1,"51":1,"52":1,"53":1,"54":0,"55":1,"56":1},"f":{"0":7,"1":0,"2":0,"3":0,"4":0,"5":0,"6":1,"7":1},"b":{"0":[0],"1":[0],"2":[0,0],"3":[0,0],"4":[0,0],"5":[0,0],"6":[0,0],"7":[0],"8":[0,0],"9":[0,0],"10":[0],"11":[0,1]},"_coverageSchema":"1a1c01bbd47fc00a2c39e90264f33305004495a9","hash":"5005bdfbbd412016299232190bb83c879181486c"}
,"/mnt/projetos/claude/AIOS_Designers/packages/web/src/engine/DOMExtractor.js": {"path":"/mnt/projetos/claude/AIOS_Designers/packages/web/src/engine/DOMExtractor.js","statementMap":{"0":{"start":{"line":6,"column":28},"end":{"line":6,"column":54}},"1":{"start":{"line":7,"column":15},"end":{"line":7,"column":41}},"2":{"start":{"line":11,"column":4},"end":{"line":11,"column":64}},"3":{"start":{"line":20,"column":4},"end":{"line":96,"column":5}},"4":{"start":{"line":21,"column":6},"end":{"line":21,"column":45}},"5":{"start":{"line":23,"column":23},"end":{"line":87,"column":8}},"6":{"start":{"line":24,"column":23},"end":{"line":24,"column":25}},"7":{"start":{"line":25,"column":24},"end":{"line":25,"column":33}},"8":{"start":{"line":28,"column":23},"end":{"line":33,"column":9}},"9":{"start":{"line":36,"column":8},"end":{"line":84,"column":9}},"10":{"start":{"line":37,"column":10},"end":{"line":83,"column":11}},"11":{"start":{"line":39,"column":12},"end":{"line":41,"column":13}},"12":{"start":{"line":40,"column":14},"end":{"line":40,"column":23}},"13":{"start":{"line":44,"column":25},"end":{"line":44,"column":53}},"14":{"start":{"line":45,"column":30},"end":{"line":45,"column":63}},"15":{"start":{"line":48,"column":27},"end":{"line":48,"column":56}},"16":{"start":{"line":49,"column":36},"end":{"line":62,"column":13}},"17":{"start":{"line":64,"column":28},"end":{"line":77,"column":13}},"18":{"start":{"line":79,"column":12},"end":{"line":79,"column":33}},"19":{"start":{"line":82,"column":12},"end":{"line":82,"column":21}},"20":{"start":{"line":86,"column":8},"end":{"line":86,"column":22}},"21":{"start":{"line":89,"column":6},"end":{"line":89,"column":81}},"22":{"start":{"line":90,"column":6},"end":{"line":90,"column":22}},"23":{"start":{"line":92,"column":6},"end":{"line":92,"column":70}},"24":{"start":{"line":93,"column":6},"end":{"line":95,"column":9}},"25":{"start":{"line":105,"column":4},"end":{"line":113,"column":5}},"26":{"start":{"line":106,"column":19},"end":{"line":106,"column":39}},"27":{"start":{"line":107,"column":6},"end":{"line":107,"column":60}},"28":{"start":{"line":108,"column":6},"end":{"line":108,"column":18}},"29":{"start":{"line":110,"column":6},"end":{"line":112,"column":9}},"30":{"start":{"line":124,"column":4},"end":{"line":124,"column":77}},"31":{"start":{"line":125,"column":4},"end":{"line":125,"column":20}},"32":{"start":{"line":134,"column":20},"end":{"line":134,"column":55}},"33":{"start":{"line":134,"column":42},"end":{"line":134,"column":54}},"34":{"start":{"line":135,"column":4},"end":{"line":138,"column":7}},"35":{"start":{"line":139,"column":4},"end":{"line":139,"column":19}},"36":{"start":{"line":148,"column":19},"end":{"line":148,"column":28}},"37":{"start":{"line":150,"column":4},"end":{"line":157,"column":7}},"38":{"start":{"line":151,"column":6},"end":{"line":153,"column":7}},"39":{"start":{"line":152,"column":8},"end":{"line":152,"column":36}},"40":{"start":{"line":154,"column":6},"end":{"line":156,"column":7}},"41":{"start":{"line":155,"column":8},"end":{"line":155,"column":46}},"42":{"start":{"line":159,"column":20},"end":{"line":162,"column":5}},"43":{"start":{"line":164,"column":4},"end":{"line":164,"column":77}},"44":{"start":{"line":165,"column":4},"end":{"line":165,"column":19}},"45":{"start":{"line":174,"column":18},"end":{"line":174,"column":27}},"46":{"start":{"line":175,"column":18},"end":{"line":175,"column":27}},"47":{"start":{"line":177,"column":4},"end":{"line":183,"column":7}},"48":{"start":{"line":178,"column":19},"end":{"line":178,"column":59}},"49":{"start":{"line":179,"column":19},"end":{"line":179,"column":47}},"50":{"start":{"line":181,"column":6},"end":{"line":181,"column":50}},"51":{"start":{"line":182,"column":6},"end":{"line":182,"column":50}},"52":{"start":{"line":185,"column":23},"end":{"line":188,"column":5}},"53":{"start":{"line":186,"column":65},"end":{"line":186,"column":80}},"54":{"start":{"line":187,"column":65},"end":{"line":187,"column":80}},"55":{"start":{"line":190,"column":4},"end":{"line":193,"column":7}},"56":{"start":{"line":194,"column":4},"end":{"line":194,"column":22}},"57":{"start":{"line":198,"column":0},"end":{"line":198,"column":30}}},"fnMap":{"0":{"name":"(anonymous_0)","decl":{"start":{"line":10,"column":2},"end":{"line":10,"column":3}},"loc":{"start":{"line":10,"column":16},"end":{"line":12,"column":3}},"line":10},"1":{"name":"(anonymous_1)","decl":{"start":{"line":19,"column":2},"end":{"line":19,"column":3}},"loc":{"start":{"line":19,"column":22},"end":{"line":97,"column":3}},"line":19},"2":{"name":"(anonymous_2)","decl":{"start":{"line":23,"column":43},"end":{"line":23,"column":44}},"loc":{"start":{"line":23,"column":49},"end":{"line":87,"column":7}},"line":23},"3":{"name":"(anonymous_3)","decl":{"start":{"line":104,"column":2},"end":{"line":104,"column":3}},"loc":{"start":{"line":104,"column":26},"end":{"line":114,"column":3}},"line":104},"4":{"name":"(anonymous_4)","decl":{"start":{"line":121,"column":2},"end":{"line":121,"column":3}},"loc":{"start":{"line":121,"column":29},"end":{"line":126,"column":3}},"line":121},"5":{"name":"(anonymous_5)","decl":{"start":{"line":133,"column":2},"end":{"line":133,"column":3}},"loc":{"start":{"line":133,"column":34},"end":{"line":140,"column":3}},"line":133},"6":{"name":"(anonymous_6)","decl":{"start":{"line":134,"column":36},"end":{"line":134,"column":37}},"loc":{"start":{"line":134,"column":42},"end":{"line":134,"column":54}},"line":134},"7":{"name":"(anonymous_7)","decl":{"start":{"line":147,"column":2},"end":{"line":147,"column":3}},"loc":{"start":{"line":147,"column":32},"end":{"line":166,"column":3}},"line":147},"8":{"name":"(anonymous_8)","decl":{"start":{"line":150,"column":21},"end":{"line":150,"column":22}},"loc":{"start":{"line":150,"column":27},"end":{"line":157,"column":5}},"line":150},"9":{"name":"(anonymous_9)","decl":{"start":{"line":173,"column":2},"end":{"line":173,"column":3}},"loc":{"start":{"line":173,"column":30},"end":{"line":195,"column":3}},"line":173},"10":{"name":"(anonymous_10)","decl":{"start":{"line":177,"column":21},"end":{"line":177,"column":22}},"loc":{"start":{"line":177,"column":27},"end":{"line":183,"column":5}},"line":177},"11":{"name":"(anonymous_11)","decl":{"start":{"line":186,"column":45},"end":{"line":186,"column":46}},"loc":{"start":{"line":186,"column":65},"end":{"line":186,"column":80}},"line":186},"12":{"name":"(anonymous_12)","decl":{"start":{"line":187,"column":45},"end":{"line":187,"column":46}},"loc":{"start":{"line":187,"column":65},"end":{"line":187,"column":80}},"line":187}},"branchMap":{"0":{"loc":{"start":{"line":39,"column":12},"end":{"line":41,"column":13}},"type":"if","locations":[{"start":{"line":39,"column":12},"end":{"line":41,"column":13}},{"start":{},"end":{}}],"line":39},"1":{"loc":{"start":{"line":45,"column":30},"end":{"line":45,"column":63}},"type":"binary-expr","locations":[{"start":{"line":45,"column":30},"end":{"line":45,"column":44}},{"start":{"line":45,"column":48},"end":{"line":45,"column":63}}],"line":45},"2":{"loc":{"start":{"line":68,"column":20},"end":{"line":68,"column":78}},"type":"cond-expr","locations":[{"start":{"line":68,"column":39},"end":{"line":68,"column":73}},{"start":{"line":68,"column":76},"end":{"line":68,"column":78}}],"line":68},"3":{"loc":{"start":{"line":151,"column":6},"end":{"line":153,"column":7}},"type":"if","locations":[{"start":{"line":151,"column":6},"end":{"line":153,"column":7}},{"start":{},"end":{}}],"line":151},"4":{"loc":{"start":{"line":151,"column":10},"end":{"line":151,"column":67}},"type":"binary-expr","locations":[{"start":{"line":151,"column":10},"end":{"line":151,"column":25}},{"start":{"line":151,"column":29},"end":{"line":151,"column":67}}],"line":151},"5":{"loc":{"start":{"line":154,"column":6},"end":{"line":156,"column":7}},"type":"if","locations":[{"start":{"line":154,"column":6},"end":{"line":156,"column":7}},{"start":{},"end":{}}],"line":154},"6":{"loc":{"start":{"line":154,"column":10},"end":{"line":154,"column":87}},"type":"binary-expr","locations":[{"start":{"line":154,"column":10},"end":{"line":154,"column":35}},{"start":{"line":154,"column":39},"end":{"line":154,"column":87}}],"line":154},"7":{"loc":{"start":{"line":178,"column":19},"end":{"line":178,"column":59}},"type":"binary-expr","locations":[{"start":{"line":178,"column":19},"end":{"line":178,"column":39}},{"start":{"line":178,"column":43},"end":{"line":178,"column":59}}],"line":178},"8":{"loc":{"start":{"line":179,"column":19},"end":{"line":179,"column":47}},"type":"binary-expr","locations":[{"start":{"line":179,"column":19},"end":{"line":179,"column":37}},{"start":{"line":179,"column":41},"end":{"line":179,"column":47}}],"line":179},"9":{"loc":{"start":{"line":181,"column":23},"end":{"line":181,"column":43}},"type":"binary-expr","locations":[{"start":{"line":181,"column":23},"end":{"line":181,"column":38}},{"start":{"line":181,"column":42},"end":{"line":181,"column":43}}],"line":181},"10":{"loc":{"start":{"line":182,"column":23},"end":{"line":182,"column":43}},"type":"binary-expr","locations":[{"start":{"line":182,"column":23},"end":{"line":182,"column":38}},{"start":{"line":182,"column":42},"end":{"line":182,"column":43}}],"line":182}},"s":{"0":1,"1":1,"2":9,"3":0,"4":0,"5":0,"6":0,"7":0,"8":0,"9":0,"10":0,"11":0,"12":0,"13":0,"14":0,"15":0,"16":0,"17":0,"18":0,"19":0,"20":0,"21":0,"22":0,"23":0,"24":0,"25":0,"26":0,"27":0,"28":0,"29":0,"30":0,"31":0,"32":1,"33":3,"34":1,"35":1,"36":1,"37":1,"38":2,"39":2,"40":2,"41":2,"42":1,"43":1,"44":1,"45":1,"46":1,"47":1,"48":3,"49":3,"50":3,"51":3,"52":1,"53":2,"54":2,"55":1,"56":1,"57":1},"f":{"0":9,"1":0,"2":0,"3":0,"4":0,"5":1,"6":3,"7":1,"8":2,"9":1,"10":3,"11":2,"12":2},"b":{"0":[0,0],"1":[0,0],"2":[0,0],"3":[2,0],"4":[2,2],"5":[2,0],"6":[2,2],"7":[3,0],"8":[3,0],"9":[3,2],"10":[3,2]},"_coverageSchema":"1a1c01bbd47fc00a2c39e90264f33305004495a9","hash":"15fb2cf3bf4839f1ddb6675a8a096130087ceb49"}
,"/mnt/projetos/claude/AIOS_Designers/packages/web/src/engine/SessionManager.js": {"path":"/mnt/projetos/claude/AIOS_Designers/packages/web/src/engine/SessionManager.js","statementMap":{"0":{"start":{"line":6,"column":23},"end":{"line":6,"column":38}},"1":{"start":{"line":7,"column":25},"end":{"line":7,"column":51}},"2":{"start":{"line":8,"column":15},"end":{"line":8,"column":41}},"3":{"start":{"line":12,"column":4},"end":{"line":12,"column":30}},"4":{"start":{"line":13,"column":4},"end":{"line":13,"column":46}},"5":{"start":{"line":22,"column":22},"end":{"line":22,"column":40}},"6":{"start":{"line":23,"column":20},"end":{"line":37,"column":5}},"7":{"start":{"line":39,"column":4},"end":{"line":39,"column":42}},"8":{"start":{"line":40,"column":4},"end":{"line":40,"column":55}},"9":{"start":{"line":41,"column":4},"end":{"line":41,"column":19}},"10":{"start":{"line":50,"column":20},"end":{"line":50,"column":48}},"11":{"start":{"line":51,"column":4},"end":{"line":54,"column":5}},"12":{"start":{"line":52,"column":6},"end":{"line":52,"column":54}},"13":{"start":{"line":53,"column":6},"end":{"line":53,"column":18}},"14":{"start":{"line":55,"column":4},"end":{"line":55,"column":19}},"15":{"start":{"line":65,"column":20},"end":{"line":65,"column":46}},"16":{"start":{"line":66,"column":4},"end":{"line":68,"column":5}},"17":{"start":{"line":67,"column":6},"end":{"line":67,"column":65}},"18":{"start":{"line":70,"column":4},"end":{"line":70,"column":28}},"19":{"start":{"line":71,"column":4},"end":{"line":71,"column":36}},"20":{"start":{"line":72,"column":4},"end":{"line":72,"column":71}},"21":{"start":{"line":81,"column":20},"end":{"line":81,"column":46}},"22":{"start":{"line":82,"column":4},"end":{"line":84,"column":5}},"23":{"start":{"line":83,"column":6},"end":{"line":83,"column":65}},"24":{"start":{"line":86,"column":4},"end":{"line":86,"column":47}},"25":{"start":{"line":87,"column":4},"end":{"line":87,"column":79}},"26":{"start":{"line":88,"column":4},"end":{"line":88,"column":58}},"27":{"start":{"line":90,"column":4},"end":{"line":92,"column":5}},"28":{"start":{"line":91,"column":6},"end":{"line":91,"column":50}},"29":{"start":{"line":93,"column":4},"end":{"line":95,"column":5}},"30":{"start":{"line":94,"column":6},"end":{"line":94,"column":50}},"31":{"start":{"line":96,"column":4},"end":{"line":98,"column":5}},"32":{"start":{"line":97,"column":6},"end":{"line":97,"column":63}},"33":{"start":{"line":100,"column":4},"end":{"line":105,"column":7}},"34":{"start":{"line":113,"column":19},"end":{"line":115,"column":24}},"35":{"start":{"line":114,"column":31},"end":{"line":114,"column":90}},"36":{"start":{"line":115,"column":21},"end":{"line":115,"column":23}},"37":{"start":{"line":117,"column":4},"end":{"line":117,"column":69}},"38":{"start":{"line":118,"column":4},"end":{"line":118,"column":18}},"39":{"start":{"line":126,"column":16},"end":{"line":126,"column":26}},"40":{"start":{"line":127,"column":23},"end":{"line":127,"column":24}},"41":{"start":{"line":129,"column":4},"end":{"line":138,"column":5}},"42":{"start":{"line":130,"column":31},"end":{"line":130,"column":68}},"43":{"start":{"line":131,"column":25},"end":{"line":131,"column":47}},"44":{"start":{"line":133,"column":6},"end":{"line":137,"column":7}},"45":{"start":{"line":134,"column":8},"end":{"line":134,"column":40}},"46":{"start":{"line":135,"column":8},"end":{"line":135,"column":23}},"47":{"start":{"line":136,"column":8},"end":{"line":136,"column":76}},"48":{"start":{"line":140,"column":4},"end":{"line":142,"column":5}},"49":{"start":{"line":141,"column":6},"end":{"line":141,"column":96}},"50":{"start":{"line":144,"column":4},"end":{"line":144,"column":24}},"51":{"start":{"line":152,"column":18},"end":{"line":159,"column":5}},"52":{"start":{"line":161,"column":24},"end":{"line":161,"column":25}},"53":{"start":{"line":162,"column":25},"end":{"line":162,"column":26}},"54":{"start":{"line":164,"column":4},"end":{"line":177,"column":5}},"55":{"start":{"line":165,"column":6},"end":{"line":176,"column":7}},"56":{"start":{"line":166,"column":8},"end":{"line":166,"column":26}},"57":{"start":{"line":167,"column":8},"end":{"line":170,"column":9}},"58":{"start":{"line":168,"column":10},"end":{"line":168,"column":44}},"59":{"start":{"line":169,"column":10},"end":{"line":169,"column":27}},"60":{"start":{"line":171,"column":8},"end":{"line":171,"column":52}},"61":{"start":{"line":172,"column":13},"end":{"line":176,"column":7}},"62":{"start":{"line":173,"column":8},"end":{"line":173,"column":22}},"63":{"start":{"line":175,"column":8},"end":{"line":175,"column":23}},"64":{"start":{"line":179,"column":4},"end":{"line":181,"column":5}},"65":{"start":{"line":180,"column":6},"end":{"line":180,"column":73}},"66":{"start":{"line":183,"column":4},"end":{"line":183,"column":17}},"67":{"start":{"line":190,"column":4},"end":{"line":190,"column":26}},"68":{"start":{"line":191,"column":4},"end":{"line":191,"column":41}},"69":{"start":{"line":195,"column":0},"end":{"line":195,"column":32}}},"fnMap":{"0":{"name":"(anonymous_0)","decl":{"start":{"line":11,"column":2},"end":{"line":11,"column":3}},"loc":{"start":{"line":11,"column":16},"end":{"line":14,"column":3}},"line":11},"1":{"name":"(anonymous_1)","decl":{"start":{"line":21,"column":2},"end":{"line":21,"column":3}},"loc":{"start":{"line":21,"column":21},"end":{"line":42,"column":3}},"line":21},"2":{"name":"(anonymous_2)","decl":{"start":{"line":49,"column":2},"end":{"line":49,"column":3}},"loc":{"start":{"line":49,"column":24},"end":{"line":56,"column":3}},"line":49},"3":{"name":"(anonymous_3)","decl":{"start":{"line":64,"column":2},"end":{"line":64,"column":3}},"loc":{"start":{"line":64,"column":55},"end":{"line":73,"column":3}},"line":64},"4":{"name":"(anonymous_4)","decl":{"start":{"line":80,"column":2},"end":{"line":80,"column":3}},"loc":{"start":{"line":80,"column":43},"end":{"line":106,"column":3}},"line":80},"5":{"name":"(anonymous_5)","decl":{"start":{"line":112,"column":2},"end":{"line":112,"column":3}},"loc":{"start":{"line":112,"column":23},"end":{"line":119,"column":3}},"line":112},"6":{"name":"(anonymous_6)","decl":{"start":{"line":114,"column":14},"end":{"line":114,"column":15}},"loc":{"start":{"line":114,"column":31},"end":{"line":114,"column":90}},"line":114},"7":{"name":"(anonymous_7)","decl":{"start":{"line":115,"column":11},"end":{"line":115,"column":12}},"loc":{"start":{"line":115,"column":21},"end":{"line":115,"column":23}},"line":115},"8":{"name":"(anonymous_8)","decl":{"start":{"line":125,"column":2},"end":{"line":125,"column":3}},"loc":{"start":{"line":125,"column":23},"end":{"line":145,"column":3}},"line":125},"9":{"name":"(anonymous_9)","decl":{"start":{"line":151,"column":2},"end":{"line":151,"column":3}},"loc":{"start":{"line":151,"column":13},"end":{"line":184,"column":3}},"line":151},"10":{"name":"(anonymous_10)","decl":{"start":{"line":189,"column":2},"end":{"line":189,"column":3}},"loc":{"start":{"line":189,"column":13},"end":{"line":192,"column":3}},"line":189}},"branchMap":{"0":{"loc":{"start":{"line":33,"column":19},"end":{"line":33,"column":85}},"type":"cond-expr","locations":[{"start":{"line":33,"column":54},"end":{"line":33,"column":73}},{"start":{"line":33,"column":76},"end":{"line":33,"column":85}}],"line":33},"1":{"loc":{"start":{"line":51,"column":4},"end":{"line":54,"column":5}},"type":"if","locations":[{"start":{"line":51,"column":4},"end":{"line":54,"column":5}},{"start":{},"end":{}}],"line":51},"2":{"loc":{"start":{"line":64,"column":41},"end":{"line":64,"column":53}},"type":"default-arg","locations":[{"start":{"line":64,"column":51},"end":{"line":64,"column":53}}],"line":64},"3":{"loc":{"start":{"line":66,"column":4},"end":{"line":68,"column":5}},"type":"if","locations":[{"start":{"line":66,"column":4},"end":{"line":68,"column":5}},{"start":{},"end":{}}],"line":66},"4":{"loc":{"start":{"line":80,"column":29},"end":{"line":80,"column":41}},"type":"default-arg","locations":[{"start":{"line":80,"column":39},"end":{"line":80,"column":41}}],"line":80},"5":{"loc":{"start":{"line":82,"column":4},"end":{"line":84,"column":5}},"type":"if","locations":[{"start":{"line":82,"column":4},"end":{"line":84,"column":5}},{"start":{},"end":{}}],"line":82},"6":{"loc":{"start":{"line":88,"column":21},"end":{"line":88,"column":57}},"type":"cond-expr","locations":[{"start":{"line":88,"column":37},"end":{"line":88,"column":44}},{"start":{"line":88,"column":47},"end":{"line":88,"column":57}}],"line":88},"7":{"loc":{"start":{"line":90,"column":4},"end":{"line":92,"column":5}},"type":"if","locations":[{"start":{"line":90,"column":4},"end":{"line":92,"column":5}},{"start":{},"end":{}}],"line":90},"8":{"loc":{"start":{"line":93,"column":4},"end":{"line":95,"column":5}},"type":"if","locations":[{"start":{"line":93,"column":4},"end":{"line":95,"column":5}},{"start":{},"end":{}}],"line":93},"9":{"loc":{"start":{"line":96,"column":4},"end":{"line":98,"column":5}},"type":"if","locations":[{"start":{"line":96,"column":4},"end":{"line":98,"column":5}},{"start":{},"end":{}}],"line":96},"10":{"loc":{"start":{"line":114,"column":31},"end":{"line":114,"column":90}},"type":"binary-expr","locations":[{"start":{"line":114,"column":31},"end":{"line":114,"column":60}},{"start":{"line":114,"column":64},"end":{"line":114,"column":90}}],"line":114},"11":{"loc":{"start":{"line":133,"column":6},"end":{"line":137,"column":7}},"type":"if","locations":[{"start":{"line":133,"column":6},"end":{"line":137,"column":7}},{"start":{},"end":{}}],"line":133},"12":{"loc":{"start":{"line":140,"column":4},"end":{"line":142,"column":5}},"type":"if","locations":[{"start":{"line":140,"column":4},"end":{"line":142,"column":5}},{"start":{},"end":{}}],"line":140},"13":{"loc":{"start":{"line":165,"column":6},"end":{"line":176,"column":7}},"type":"if","locations":[{"start":{"line":165,"column":6},"end":{"line":176,"column":7}},{"start":{"line":172,"column":13},"end":{"line":176,"column":7}}],"line":165},"14":{"loc":{"start":{"line":167,"column":8},"end":{"line":170,"column":9}},"type":"if","locations":[{"start":{"line":167,"column":8},"end":{"line":170,"column":9}},{"start":{},"end":{}}],"line":167},"15":{"loc":{"start":{"line":172,"column":13},"end":{"line":176,"column":7}},"type":"if","locations":[{"start":{"line":172,"column":13},"end":{"line":176,"column":7}},{"start":{"line":174,"column":13},"end":{"line":176,"column":7}}],"line":172},"16":{"loc":{"start":{"line":179,"column":4},"end":{"line":181,"column":5}},"type":"if","locations":[{"start":{"line":179,"column":4},"end":{"line":181,"column":5}},{"start":{},"end":{}}],"line":179}},"s":{"0":2,"1":2,"2":2,"3":15,"4":15,"5":12,"6":12,"7":12,"8":12,"9":12,"10":12,"11":12,"12":3,"13":3,"14":9,"15":2,"16":2,"17":1,"18":1,"19":1,"20":1,"21":4,"22":4,"23":0,"24":4,"25":4,"26":4,"27":4,"28":3,"29":4,"30":0,"31":4,"32":1,"33":4,"34":1,"35":2,"36":1,"37":1,"38":1,"39":1,"40":1,"41":1,"42":1,"43":1,"44":1,"45":1,"46":1,"47":1,"48":1,"49":1,"50":1,"51":2,"52":2,"53":2,"54":2,"55":4,"56":2,"57":2,"58":1,"59":1,"60":2,"61":2,"62":0,"63":2,"64":2,"65":1,"66":2,"67":0,"68":0,"69":2},"f":{"0":15,"1":12,"2":12,"3":2,"4":4,"5":1,"6":2,"7":1,"8":1,"9":2,"10":0},"b":{"0":[0,12],"1":[3,9],"2":[2],"3":[1,1],"4":[0],"5":[0,4],"6":[0,4],"7":[3,1],"8":[0,4],"9":[1,3],"10":[2,1],"11":[1,0],"12":[1,0],"13":[2,2],"14":[1,1],"15":[0,2],"16":[1,1]},"_coverageSchema":"1a1c01bbd47fc00a2c39e90264f33305004495a9","hash":"4df1b0b4f873f326a3edba8b7b9bf8c8665d75c2"}
,"/mnt/projetos/claude/AIOS_Designers/packages/web/src/engine/URLValidator.js": {"path":"/mnt/projetos/claude/AIOS_Designers/packages/web/src/engine/URLValidator.js","statementMap":{"0":{"start":{"line":6,"column":42},"end":{"line":6,"column":68}},"1":{"start":{"line":7,"column":15},"end":{"line":7,"column":41}},"2":{"start":{"line":11,"column":4},"end":{"line":11,"column":26}},"3":{"start":{"line":12,"column":4},"end":{"line":12,"column":27}},"4":{"start":{"line":21,"column":4},"end":{"line":26,"column":5}},"5":{"start":{"line":22,"column":6},"end":{"line":22,"column":19}},"6":{"start":{"line":23,"column":6},"end":{"line":23,"column":18}},"7":{"start":{"line":25,"column":6},"end":{"line":25,"column":19}},"8":{"start":{"line":35,"column":21},"end":{"line":35,"column":31}},"9":{"start":{"line":38,"column":4},"end":{"line":40,"column":5}},"10":{"start":{"line":39,"column":6},"end":{"line":39,"column":43}},"11":{"start":{"line":43,"column":4},"end":{"line":43,"column":47}},"12":{"start":{"line":45,"column":4},"end":{"line":45,"column":22}},"13":{"start":{"line":54,"column":4},"end":{"line":73,"column":5}},"14":{"start":{"line":55,"column":21},"end":{"line":55,"column":33}},"15":{"start":{"line":56,"column":23},"end":{"line":56,"column":38}},"16":{"start":{"line":59,"column":6},"end":{"line":61,"column":7}},"17":{"start":{"line":60,"column":8},"end":{"line":60,"column":20}},"18":{"start":{"line":64,"column":28},"end":{"line":68,"column":7}},"19":{"start":{"line":70,"column":6},"end":{"line":70,"column":63}},"20":{"start":{"line":70,"column":41},"end":{"line":70,"column":61}},"21":{"start":{"line":72,"column":6},"end":{"line":72,"column":19}},"22":{"start":{"line":82,"column":4},"end":{"line":82,"column":27}},"23":{"start":{"line":83,"column":4},"end":{"line":83,"column":47}},"24":{"start":{"line":87,"column":4},"end":{"line":92,"column":5}},"25":{"start":{"line":88,"column":6},"end":{"line":91,"column":9}},"26":{"start":{"line":94,"column":4},"end":{"line":124,"column":5}},"27":{"start":{"line":95,"column":23},"end":{"line":99,"column":8}},"28":{"start":{"line":102,"column":6},"end":{"line":111,"column":7}},"29":{"start":{"line":103,"column":28},"end":{"line":103,"column":60}},"30":{"start":{"line":104,"column":8},"end":{"line":106,"column":9}},"31":{"start":{"line":105,"column":10},"end":{"line":105,"column":78}},"32":{"start":{"line":108,"column":8},"end":{"line":108,"column":32}},"33":{"start":{"line":109,"column":8},"end":{"line":109,"column":74}},"34":{"start":{"line":110,"column":8},"end":{"line":110,"column":59}},"35":{"start":{"line":114,"column":6},"end":{"line":116,"column":7}},"36":{"start":{"line":115,"column":8},"end":{"line":115,"column":67}},"37":{"start":{"line":118,"column":6},"end":{"line":118,"column":17}},"38":{"start":{"line":120,"column":6},"end":{"line":122,"column":7}},"39":{"start":{"line":121,"column":8},"end":{"line":121,"column":20}},"40":{"start":{"line":123,"column":6},"end":{"line":123,"column":53}},"41":{"start":{"line":134,"column":4},"end":{"line":134,"column":44}},"42":{"start":{"line":137,"column":23},"end":{"line":137,"column":42}},"43":{"start":{"line":138,"column":4},"end":{"line":138,"column":66}},"44":{"start":{"line":141,"column":4},"end":{"line":143,"column":5}},"45":{"start":{"line":142,"column":6},"end":{"line":142,"column":75}},"46":{"start":{"line":146,"column":4},"end":{"line":150,"column":5}},"47":{"start":{"line":147,"column":6},"end":{"line":149,"column":9}},"48":{"start":{"line":152,"column":4},"end":{"line":152,"column":67}},"49":{"start":{"line":153,"column":4},"end":{"line":153,"column":22}},"50":{"start":{"line":157,"column":0},"end":{"line":157,"column":30}}},"fnMap":{"0":{"name":"(anonymous_0)","decl":{"start":{"line":10,"column":2},"end":{"line":10,"column":3}},"loc":{"start":{"line":10,"column":16},"end":{"line":13,"column":3}},"line":10},"1":{"name":"(anonymous_1)","decl":{"start":{"line":20,"column":2},"end":{"line":20,"column":3}},"loc":{"start":{"line":20,"column":15},"end":{"line":27,"column":3}},"line":20},"2":{"name":"(anonymous_2)","decl":{"start":{"line":34,"column":2},"end":{"line":34,"column":3}},"loc":{"start":{"line":34,"column":17},"end":{"line":46,"column":3}},"line":34},"3":{"name":"(anonymous_3)","decl":{"start":{"line":53,"column":2},"end":{"line":53,"column":3}},"loc":{"start":{"line":53,"column":19},"end":{"line":74,"column":3}},"line":53},"4":{"name":"(anonymous_4)","decl":{"start":{"line":70,"column":32},"end":{"line":70,"column":33}},"loc":{"start":{"line":70,"column":41},"end":{"line":70,"column":61}},"line":70},"5":{"name":"(anonymous_5)","decl":{"start":{"line":81,"column":2},"end":{"line":81,"column":3}},"loc":{"start":{"line":81,"column":29},"end":{"line":84,"column":3}},"line":81},"6":{"name":"(anonymous_6)","decl":{"start":{"line":86,"column":2},"end":{"line":86,"column":3}},"loc":{"start":{"line":86,"column":39},"end":{"line":125,"column":3}},"line":86},"7":{"name":"(anonymous_7)","decl":{"start":{"line":133,"column":2},"end":{"line":133,"column":3}},"loc":{"start":{"line":133,"column":16},"end":{"line":154,"column":3}},"line":133}},"branchMap":{"0":{"loc":{"start":{"line":38,"column":4},"end":{"line":40,"column":5}},"type":"if","locations":[{"start":{"line":38,"column":4},"end":{"line":40,"column":5}},{"start":{},"end":{}}],"line":38},"1":{"loc":{"start":{"line":59,"column":6},"end":{"line":61,"column":7}},"type":"if","locations":[{"start":{"line":59,"column":6},"end":{"line":61,"column":7}},{"start":{},"end":{}}],"line":59},"2":{"loc":{"start":{"line":59,"column":10},"end":{"line":59,"column":62}},"type":"binary-expr","locations":[{"start":{"line":59,"column":10},"end":{"line":59,"column":34}},{"start":{"line":59,"column":38},"end":{"line":59,"column":62}}],"line":59},"3":{"loc":{"start":{"line":87,"column":4},"end":{"line":92,"column":5}},"type":"if","locations":[{"start":{"line":87,"column":4},"end":{"line":92,"column":5}},{"start":{},"end":{}}],"line":87},"4":{"loc":{"start":{"line":102,"column":6},"end":{"line":111,"column":7}},"type":"if","locations":[{"start":{"line":102,"column":6},"end":{"line":111,"column":7}},{"start":{},"end":{}}],"line":102},"5":{"loc":{"start":{"line":104,"column":8},"end":{"line":106,"column":9}},"type":"if","locations":[{"start":{"line":104,"column":8},"end":{"line":106,"column":9}},{"start":{},"end":{}}],"line":104},"6":{"loc":{"start":{"line":114,"column":6},"end":{"line":116,"column":7}},"type":"if","locations":[{"start":{"line":114,"column":6},"end":{"line":116,"column":7}},{"start":{},"end":{}}],"line":114},"7":{"loc":{"start":{"line":114,"column":10},"end":{"line":114,"column":57}},"type":"binary-expr","locations":[{"start":{"line":114,"column":10},"end":{"line":114,"column":31}},{"start":{"line":114,"column":35},"end":{"line":114,"column":57}}],"line":114},"8":{"loc":{"start":{"line":120,"column":6},"end":{"line":122,"column":7}},"type":"if","locations":[{"start":{"line":120,"column":6},"end":{"line":122,"column":7}},{"start":{},"end":{}}],"line":120},"9":{"loc":{"start":{"line":141,"column":4},"end":{"line":143,"column":5}},"type":"if","locations":[{"start":{"line":141,"column":4},"end":{"line":143,"column":5}},{"start":{},"end":{}}],"line":141},"10":{"loc":{"start":{"line":146,"column":4},"end":{"line":150,"column":5}},"type":"if","locations":[{"start":{"line":146,"column":4},"end":{"line":150,"column":5}},{"start":{},"end":{}}],"line":146}},"s":{"0":2,"1":2,"2":17,"3":17,"4":10,"5":10,"6":6,"7":4,"8":9,"9":9,"10":4,"11":9,"12":9,"13":11,"14":11,"15":11,"16":11,"17":4,"18":7,"19":7,"20":18,"21":0,"22":0,"23":0,"24":0,"25":0,"26":0,"27":0,"28":0,"29":0,"30":0,"31":0,"32":0,"33":0,"34":0,"35":0,"36":0,"37":0,"38":0,"39":0,"40":0,"41":6,"42":6,"43":6,"44":6,"45":2,"46":4,"47":2,"48":2,"49":2,"50":2},"f":{"0":17,"1":10,"2":9,"3":11,"4":18,"5":0,"6":0,"7":6},"b":{"0":[4,5],"1":[4,7],"2":[11,8],"3":[0,0],"4":[0,0],"5":[0,0],"6":[0,0],"7":[0,0],"8":[0,0],"9":[2,4],"10":[2,2]},"_coverageSchema":"1a1c01bbd47fc00a2c39e90264f33305004495a9","hash":"2d478781e01b2af2a85ab8ba69c08c2acc5331f4"}
,"/mnt/projetos/claude/AIOS_Designers/packages/web/src/utils/errors.js": {"path":"/mnt/projetos/claude/AIOS_Designers/packages/web/src/utils/errors.js","statementMap":{"0":{"start":{"line":7,"column":4},"end":{"line":7,"column":19}},"1":{"start":{"line":8,"column":4},"end":{"line":8,"column":32}},"2":{"start":{"line":9,"column":4},"end":{"line":9,"column":21}},"3":{"start":{"line":10,"column":4},"end":{"line":10,"column":27}},"4":{"start":{"line":11,"column":4},"end":{"line":11,"column":46}},"5":{"start":{"line":17,"column":4},"end":{"line":17,"column":48}},"6":{"start":{"line":18,"column":4},"end":{"line":18,"column":34}},"7":{"start":{"line":24,"column":4},"end":{"line":24,"column":45}},"8":{"start":{"line":25,"column":4},"end":{"line":25,"column":31}},"9":{"start":{"line":31,"column":4},"end":{"line":31,"column":45}},"10":{"start":{"line":32,"column":4},"end":{"line":32,"column":31}},"11":{"start":{"line":38,"column":4},"end":{"line":38,"column":45}},"12":{"start":{"line":39,"column":4},"end":{"line":39,"column":31}},"13":{"start":{"line":45,"column":4},"end":{"line":45,"column":48}},"14":{"start":{"line":46,"column":4},"end":{"line":46,"column":34}},"15":{"start":{"line":52,"column":4},"end":{"line":52,"column":45}},"16":{"start":{"line":53,"column":4},"end":{"line":53,"column":31}},"17":{"start":{"line":57,"column":0},"end":{"line":65,"column":2}}},"fnMap":{"0":{"name":"(anonymous_0)","decl":{"start":{"line":6,"column":2},"end":{"line":6,"column":3}},"loc":{"start":{"line":6,"column":43},"end":{"line":12,"column":3}},"line":6},"1":{"name":"(anonymous_1)","decl":{"start":{"line":16,"column":2},"end":{"line":16,"column":3}},"loc":{"start":{"line":16,"column":37},"end":{"line":19,"column":3}},"line":16},"2":{"name":"(anonymous_2)","decl":{"start":{"line":23,"column":2},"end":{"line":23,"column":3}},"loc":{"start":{"line":23,"column":37},"end":{"line":26,"column":3}},"line":23},"3":{"name":"(anonymous_3)","decl":{"start":{"line":30,"column":2},"end":{"line":30,"column":3}},"loc":{"start":{"line":30,"column":37},"end":{"line":33,"column":3}},"line":30},"4":{"name":"(anonymous_4)","decl":{"start":{"line":37,"column":2},"end":{"line":37,"column":3}},"loc":{"start":{"line":37,"column":37},"end":{"line":40,"column":3}},"line":37},"5":{"name":"(anonymous_5)","decl":{"start":{"line":44,"column":2},"end":{"line":44,"column":3}},"loc":{"start":{"line":44,"column":37},"end":{"line":47,"column":3}},"line":44},"6":{"name":"(anonymous_6)","decl":{"start":{"line":51,"column":2},"end":{"line":51,"column":3}},"loc":{"start":{"line":51,"column":37},"end":{"line":54,"column":3}},"line":51}},"branchMap":{"0":{"loc":{"start":{"line":6,"column":29},"end":{"line":6,"column":41}},"type":"default-arg","locations":[{"start":{"line":6,"column":39},"end":{"line":6,"column":41}}],"line":6},"1":{"loc":{"start":{"line":16,"column":23},"end":{"line":16,"column":35}},"type":"default-arg","locations":[{"start":{"line":16,"column":33},"end":{"line":16,"column":35}}],"line":16},"2":{"loc":{"start":{"line":23,"column":23},"end":{"line":23,"column":35}},"type":"default-arg","locations":[{"start":{"line":23,"column":33},"end":{"line":23,"column":35}}],"line":23},"3":{"loc":{"start":{"line":30,"column":23},"end":{"line":30,"column":35}},"type":"default-arg","locations":[{"start":{"line":30,"column":33},"end":{"line":30,"column":35}}],"line":30},"4":{"loc":{"start":{"line":37,"column":23},"end":{"line":37,"column":35}},"type":"default-arg","locations":[{"start":{"line":37,"column":33},"end":{"line":37,"column":35}}],"line":37},"5":{"loc":{"start":{"line":44,"column":23},"end":{"line":44,"column":35}},"type":"default-arg","locations":[{"start":{"line":44,"column":33},"end":{"line":44,"column":35}}],"line":44},"6":{"loc":{"start":{"line":51,"column":23},"end":{"line":51,"column":35}},"type":"default-arg","locations":[{"start":{"line":51,"column":33},"end":{"line":51,"column":35}}],"line":51}},"s":{"0":12,"1":12,"2":12,"3":12,"4":12,"5":6,"6":6,"7":1,"8":1,"9":1,"10":1,"11":1,"12":1,"13":1,"14":1,"15":2,"16":2,"17":4},"f":{"0":12,"1":6,"2":1,"3":1,"4":1,"5":1,"6":2},"b":{"0":[0],"1":[1],"2":[1],"3":[1],"4":[1],"5":[1],"6":[0]},"_coverageSchema":"1a1c01bbd47fc00a2c39e90264f33305004495a9","hash":"6833a6a7f0c08ab2b17e1dd88f7f5fe76cac13a8"}
,"/mnt/projetos/claude/AIOS_Designers/packages/web/src/utils/logger.js": {"path":"/mnt/projetos/claude/AIOS_Designers/packages/web/src/utils/logger.js","statementMap":{"0":{"start":{"line":5,"column":11},"end":{"line":5,"column":24}},"1":{"start":{"line":6,"column":13},"end":{"line":6,"column":28}},"2":{"start":{"line":8,"column":19},"end":{"line":13,"column":1}},"3":{"start":{"line":17,"column":4},"end":{"line":17,"column":35}},"4":{"start":{"line":18,"column":4},"end":{"line":18,"column":60}},"5":{"start":{"line":19,"column":4},"end":{"line":19,"column":30}},"6":{"start":{"line":23,"column":16},"end":{"line":23,"column":46}},"7":{"start":{"line":24,"column":4},"end":{"line":26,"column":5}},"8":{"start":{"line":25,"column":6},"end":{"line":25,"column":45}},"9":{"start":{"line":30,"column":22},"end":{"line":30,"column":46}},"10":{"start":{"line":31,"column":20},"end":{"line":31,"column":84}},"11":{"start":{"line":32,"column":4},"end":{"line":32,"column":60}},"12":{"start":{"line":36,"column":22},"end":{"line":36,"column":62}},"13":{"start":{"line":39,"column":4},"end":{"line":48,"column":5}},"14":{"start":{"line":40,"column":25},"end":{"line":45,"column":7}},"15":{"start":{"line":46,"column":24},"end":{"line":46,"column":33}},"16":{"start":{"line":47,"column":6},"end":{"line":47,"column":72}},"17":{"start":{"line":51,"column":4},"end":{"line":56,"column":5}},"18":{"start":{"line":52,"column":6},"end":{"line":52,"column":60}},"19":{"start":{"line":55,"column":6},"end":{"line":55,"column":65}},"20":{"start":{"line":60,"column":4},"end":{"line":60,"column":42}},"21":{"start":{"line":64,"column":4},"end":{"line":64,"column":41}},"22":{"start":{"line":68,"column":4},"end":{"line":68,"column":41}},"23":{"start":{"line":72,"column":4},"end":{"line":72,"column":42}},"24":{"start":{"line":77,"column":15},"end":{"line":77,"column":27}},"25":{"start":{"line":79,"column":0},"end":{"line":79,"column":24}},"26":{"start":{"line":80,"column":0},"end":{"line":80,"column":31}}},"fnMap":{"0":{"name":"(anonymous_0)","decl":{"start":{"line":16,"column":2},"end":{"line":16,"column":3}},"loc":{"start":{"line":16,"column":81},"end":{"line":20,"column":3}},"line":16},"1":{"name":"(anonymous_1)","decl":{"start":{"line":22,"column":2},"end":{"line":22,"column":3}},"loc":{"start":{"line":22,"column":23},"end":{"line":27,"column":3}},"line":22},"2":{"name":"(anonymous_2)","decl":{"start":{"line":29,"column":2},"end":{"line":29,"column":3}},"loc":{"start":{"line":29,"column":43},"end":{"line":33,"column":3}},"line":29},"3":{"name":"(anonymous_3)","decl":{"start":{"line":35,"column":2},"end":{"line":35,"column":3}},"loc":{"start":{"line":35,"column":38},"end":{"line":57,"column":3}},"line":35},"4":{"name":"(anonymous_4)","decl":{"start":{"line":59,"column":2},"end":{"line":59,"column":3}},"loc":{"start":{"line":59,"column":28},"end":{"line":61,"column":3}},"line":59},"5":{"name":"(anonymous_5)","decl":{"start":{"line":63,"column":2},"end":{"line":63,"column":3}},"loc":{"start":{"line":63,"column":27},"end":{"line":65,"column":3}},"line":63},"6":{"name":"(anonymous_6)","decl":{"start":{"line":67,"column":2},"end":{"line":67,"column":3}},"loc":{"start":{"line":67,"column":27},"end":{"line":69,"column":3}},"line":67},"7":{"name":"(anonymous_7)","decl":{"start":{"line":71,"column":2},"end":{"line":71,"column":3}},"loc":{"start":{"line":71,"column":28},"end":{"line":73,"column":3}},"line":71}},"branchMap":{"0":{"loc":{"start":{"line":16,"column":14},"end":{"line":16,"column":60}},"type":"default-arg","locations":[{"start":{"line":16,"column":28},"end":{"line":16,"column":60}}],"line":16},"1":{"loc":{"start":{"line":16,"column":62},"end":{"line":16,"column":79}},"type":"default-arg","locations":[{"start":{"line":16,"column":73},"end":{"line":16,"column":79}}],"line":16},"2":{"loc":{"start":{"line":18,"column":20},"end":{"line":18,"column":59}},"type":"binary-expr","locations":[{"start":{"line":18,"column":20},"end":{"line":18,"column":40}},{"start":{"line":18,"column":44},"end":{"line":18,"column":59}}],"line":18},"3":{"loc":{"start":{"line":24,"column":4},"end":{"line":26,"column":5}},"type":"if","locations":[{"start":{"line":24,"column":4},"end":{"line":26,"column":5}},{"start":{},"end":{}}],"line":24},"4":{"loc":{"start":{"line":29,"column":32},"end":{"line":29,"column":41}},"type":"default-arg","locations":[{"start":{"line":29,"column":39},"end":{"line":29,"column":41}}],"line":29},"5":{"loc":{"start":{"line":31,"column":20},"end":{"line":31,"column":84}},"type":"cond-expr","locations":[{"start":{"line":31,"column":51},"end":{"line":31,"column":79}},{"start":{"line":31,"column":82},"end":{"line":31,"column":84}}],"line":31},"6":{"loc":{"start":{"line":35,"column":27},"end":{"line":35,"column":36}},"type":"default-arg","locations":[{"start":{"line":35,"column":34},"end":{"line":35,"column":36}}],"line":35},"7":{"loc":{"start":{"line":39,"column":4},"end":{"line":48,"column":5}},"type":"if","locations":[{"start":{"line":39,"column":4},"end":{"line":48,"column":5}},{"start":{},"end":{}}],"line":39},"8":{"loc":{"start":{"line":47,"column":21},"end":{"line":47,"column":44}},"type":"binary-expr","locations":[{"start":{"line":47,"column":21},"end":{"line":47,"column":38}},{"start":{"line":47,"column":42},"end":{"line":47,"column":44}}],"line":47},"9":{"loc":{"start":{"line":59,"column":17},"end":{"line":59,"column":26}},"type":"default-arg","locations":[{"start":{"line":59,"column":24},"end":{"line":59,"column":26}}],"line":59},"10":{"loc":{"start":{"line":63,"column":16},"end":{"line":63,"column":25}},"type":"default-arg","locations":[{"start":{"line":63,"column":23},"end":{"line":63,"column":25}}],"line":63},"11":{"loc":{"start":{"line":67,"column":16},"end":{"line":67,"column":25}},"type":"default-arg","locations":[{"start":{"line":67,"column":23},"end":{"line":67,"column":25}}],"line":67},"12":{"loc":{"start":{"line":71,"column":17},"end":{"line":71,"column":26}},"type":"default-arg","locations":[{"start":{"line":71,"column":24},"end":{"line":71,"column":26}}],"line":71}},"s":{"0":3,"1":3,"2":3,"3":3,"4":3,"5":3,"6":3,"7":3,"8":0,"9":40,"10":40,"11":40,"12":40,"13":40,"14":22,"15":22,"16":22,"17":40,"18":40,"19":0,"20":18,"21":19,"22":3,"23":0,"24":3,"25":3,"26":3},"f":{"0":3,"1":3,"2":40,"3":40,"4":18,"5":19,"6":3,"7":0},"b":{"0":[3],"1":[3],"2":[3,0],"3":[0,3],"4":[0],"5":[40,0],"6":[0],"7":[22,18],"8":[22,0],"9":[0],"10":[0],"11":[0],"12":[0]},"_coverageSchema":"1a1c01bbd47fc00a2c39e90264f33305004495a9","hash":"e4d67f107a33f7844e105e452dc7ad24c3afd9c1"}
}
