TN:
SF:src/engine/AnalysisEngine.js
FN:14,(anonymous_0)
FN:28,(anonymous_1)
FN:45,(anonymous_2)
FN:127,(anonymous_3)
FN:149,(anonymous_4)
FN:162,(anonymous_5)
FN:170,(anonymous_6)
FN:178,(anonymous_7)
FN:189,(anonymous_8)
FN:197,(anonymous_9)
FNF:10
FNH:1
FNDA:5,(anonymous_0)
FNDA:0,(anonymous_1)
FNDA:0,(anonymous_2)
FNDA:0,(anonymous_3)
FNDA:0,(anonymous_4)
FNDA:0,(anonymous_5)
FNDA:0,(anonymous_6)
FNDA:0,(anonymous_7)
FNDA:0,(anonymous_8)
FNDA:0,(anonymous_9)
DA:6,1
DA:7,1
DA:8,1
DA:9,1
DA:10,1
DA:11,1
DA:15,5
DA:16,5
DA:17,5
DA:18,5
DA:19,5
DA:20,5
DA:21,5
DA:29,0
DA:30,0
DA:31,0
DA:32,0
DA:33,0
DA:35,0
DA:36,0
DA:47,0
DA:48,0
DA:51,0
DA:52,0
DA:54,0
DA:56,0
DA:59,0
DA:62,0
DA:63,0
DA:67,0
DA:70,0
DA:71,0
DA:74,0
DA:77,0
DA:78,0
DA:81,0
DA:86,0
DA:91,0
DA:103,0
DA:104,0
DA:110,0
DA:111,0
DA:114,0
DA:115,0
DA:130,0
DA:131,0
DA:132,0
DA:136,0
DA:137,0
DA:139,0
DA:140,0
DA:146,0
DA:148,0
DA:149,0
DA:154,0
DA:163,0
DA:171,0
DA:179,0
DA:190,0
DA:198,0
DA:199,0
DA:200,0
DA:201,0
DA:202,0
DA:203,0
DA:205,0
DA:206,0
DA:211,1
LF:68
LH:14
BRDA:14,0,0,5
BRDA:47,1,0,0
BRDA:47,1,1,0
BRDA:62,2,0,0
BRDA:62,2,1,0
BRDA:103,3,0,0
BRDA:103,3,1,0
BRDA:114,4,0,0
BRDA:114,4,1,0
BRDA:146,5,0,0
BRDA:146,5,1,0
BRF:11
BRH:1
end_of_record
TN:
SF:src/engine/BrowserManager.js
FN:11,(anonymous_0)
FN:22,(anonymous_1)
FN:50,(anonymous_2)
FN:103,(anonymous_3)
FN:127,(anonymous_4)
FN:140,(anonymous_5)
FN:159,(anonymous_6)
FN:168,(anonymous_7)
FNF:8
FNH:3
FNDA:7,(anonymous_0)
FNDA:0,(anonymous_1)
FNDA:0,(anonymous_2)
FNDA:0,(anonymous_3)
FNDA:0,(anonymous_4)
FNDA:0,(anonymous_5)
FNDA:1,(anonymous_6)
FNDA:1,(anonymous_7)
DA:6,1
DA:7,1
DA:8,1
DA:12,7
DA:13,7
DA:14,7
DA:23,0
DA:24,0
DA:34,0
DA:35,0
DA:37,0
DA:38,0
DA:51,0
DA:52,0
DA:55,0
DA:56,0
DA:57,0
DA:58,0
DA:61,0
DA:63,0
DA:66,0
DA:72,0
DA:73,0
DA:76,0
DA:77,0
DA:78,0
DA:81,0
DA:82,0
DA:84,0
DA:86,0
DA:87,0
DA:90,0
DA:104,0
DA:105,0
DA:107,0
DA:112,0
DA:113,0
DA:115,0
DA:116,0
DA:128,0
DA:129,0
DA:130,0
DA:132,0
DA:141,0
DA:142,0
DA:143,0
DA:144,0
DA:145,0
DA:148,0
DA:149,0
DA:160,1
DA:169,1
DA:170,1
DA:172,1
DA:173,0
DA:176,1
DA:180,1
LF:57
LH:12
BRDA:22,0,0,0
BRDA:50,1,0,0
BRDA:51,2,0,0
BRDA:51,2,1,0
BRDA:72,3,0,0
BRDA:72,3,1,0
BRDA:77,4,0,0
BRDA:77,4,1,0
BRDA:77,5,0,0
BRDA:77,5,1,0
BRDA:86,6,0,0
BRDA:86,6,1,0
BRDA:103,7,0,0
BRDA:105,8,0,0
BRDA:105,8,1,0
BRDA:142,9,0,0
BRDA:142,9,1,0
BRDA:168,10,0,0
BRDA:172,11,0,0
BRDA:172,11,1,1
BRF:20
BRH:1
end_of_record
TN:
SF:src/engine/DOMExtractor.js
FN:10,(anonymous_0)
FN:19,(anonymous_1)
FN:23,(anonymous_2)
FN:104,(anonymous_3)
FN:121,(anonymous_4)
FN:133,(anonymous_5)
FN:134,(anonymous_6)
FN:147,(anonymous_7)
FN:150,(anonymous_8)
FN:173,(anonymous_9)
FN:177,(anonymous_10)
FN:186,(anonymous_11)
FN:187,(anonymous_12)
FNF:13
FNH:9
FNDA:9,(anonymous_0)
FNDA:0,(anonymous_1)
FNDA:0,(anonymous_2)
FNDA:0,(anonymous_3)
FNDA:0,(anonymous_4)
FNDA:1,(anonymous_5)
FNDA:3,(anonymous_6)
FNDA:1,(anonymous_7)
FNDA:2,(anonymous_8)
FNDA:1,(anonymous_9)
FNDA:3,(anonymous_10)
FNDA:2,(anonymous_11)
FNDA:2,(anonymous_12)
DA:6,1
DA:7,1
DA:11,9
DA:20,0
DA:21,0
DA:23,0
DA:24,0
DA:25,0
DA:28,0
DA:36,0
DA:37,0
DA:39,0
DA:40,0
DA:44,0
DA:45,0
DA:48,0
DA:49,0
DA:64,0
DA:79,0
DA:82,0
DA:86,0
DA:89,0
DA:90,0
DA:92,0
DA:93,0
DA:105,0
DA:106,0
DA:107,0
DA:108,0
DA:110,0
DA:124,0
DA:125,0
DA:134,3
DA:135,1
DA:139,1
DA:148,1
DA:150,1
DA:151,2
DA:152,2
DA:154,2
DA:155,2
DA:159,1
DA:164,1
DA:165,1
DA:174,1
DA:175,1
DA:177,1
DA:178,3
DA:179,3
DA:181,3
DA:182,3
DA:185,1
DA:186,2
DA:187,2
DA:190,1
DA:194,1
DA:198,1
LF:57
LH:28
BRDA:39,0,0,0
BRDA:39,0,1,0
BRDA:45,1,0,0
BRDA:45,1,1,0
BRDA:68,2,0,0
BRDA:68,2,1,0
BRDA:151,3,0,2
BRDA:151,3,1,0
BRDA:151,4,0,2
BRDA:151,4,1,2
BRDA:154,5,0,2
BRDA:154,5,1,0
BRDA:154,6,0,2
BRDA:154,6,1,2
BRDA:178,7,0,3
BRDA:178,7,1,0
BRDA:179,8,0,3
BRDA:179,8,1,0
BRDA:181,9,0,3
BRDA:181,9,1,2
BRDA:182,10,0,3
BRDA:182,10,1,2
BRF:22
BRH:12
end_of_record
TN:
SF:src/engine/SessionManager.js
FN:11,(anonymous_0)
FN:21,(anonymous_1)
FN:49,(anonymous_2)
FN:64,(anonymous_3)
FN:80,(anonymous_4)
FN:112,(anonymous_5)
FN:114,(anonymous_6)
FN:115,(anonymous_7)
FN:125,(anonymous_8)
FN:151,(anonymous_9)
FN:189,(anonymous_10)
FNF:11
FNH:10
FNDA:15,(anonymous_0)
FNDA:12,(anonymous_1)
FNDA:12,(anonymous_2)
FNDA:2,(anonymous_3)
FNDA:4,(anonymous_4)
FNDA:1,(anonymous_5)
FNDA:2,(anonymous_6)
FNDA:1,(anonymous_7)
FNDA:1,(anonymous_8)
FNDA:2,(anonymous_9)
FNDA:0,(anonymous_10)
DA:6,2
DA:7,2
DA:8,2
DA:12,15
DA:13,15
DA:22,12
DA:23,12
DA:39,12
DA:40,12
DA:41,12
DA:50,12
DA:51,12
DA:52,3
DA:53,3
DA:55,9
DA:65,2
DA:66,2
DA:67,1
DA:70,1
DA:71,1
DA:72,1
DA:81,4
DA:82,4
DA:83,0
DA:86,4
DA:87,4
DA:88,4
DA:90,4
DA:91,3
DA:93,4
DA:94,0
DA:96,4
DA:97,1
DA:100,4
DA:113,1
DA:114,2
DA:115,1
DA:117,1
DA:118,1
DA:126,1
DA:127,1
DA:129,1
DA:130,1
DA:131,1
DA:133,1
DA:134,1
DA:135,1
DA:136,1
DA:140,1
DA:141,1
DA:144,1
DA:152,2
DA:161,2
DA:162,2
DA:164,2
DA:165,4
DA:166,2
DA:167,2
DA:168,1
DA:169,1
DA:171,2
DA:172,2
DA:173,0
DA:175,2
DA:179,2
DA:180,1
DA:183,2
DA:190,0
DA:191,0
DA:195,2
LF:70
LH:65
BRDA:33,0,0,0
BRDA:33,0,1,12
BRDA:51,1,0,3
BRDA:51,1,1,9
BRDA:64,2,0,2
BRDA:66,3,0,1
BRDA:66,3,1,1
BRDA:80,4,0,0
BRDA:82,5,0,0
BRDA:82,5,1,4
BRDA:88,6,0,0
BRDA:88,6,1,4
BRDA:90,7,0,3
BRDA:90,7,1,1
BRDA:93,8,0,0
BRDA:93,8,1,4
BRDA:96,9,0,1
BRDA:96,9,1,3
BRDA:114,10,0,2
BRDA:114,10,1,1
BRDA:133,11,0,1
BRDA:133,11,1,0
BRDA:140,12,0,1
BRDA:140,12,1,0
BRDA:165,13,0,2
BRDA:165,13,1,2
BRDA:167,14,0,1
BRDA:167,14,1,1
BRDA:172,15,0,0
BRDA:172,15,1,2
BRDA:179,16,0,1
BRDA:179,16,1,1
BRF:32
BRH:24
end_of_record
TN:
SF:src/engine/URLValidator.js
FN:10,(anonymous_0)
FN:20,(anonymous_1)
FN:34,(anonymous_2)
FN:53,(anonymous_3)
FN:70,(anonymous_4)
FN:81,(anonymous_5)
FN:86,(anonymous_6)
FN:133,(anonymous_7)
FNF:8
FNH:6
FNDA:17,(anonymous_0)
FNDA:10,(anonymous_1)
FNDA:9,(anonymous_2)
FNDA:11,(anonymous_3)
FNDA:18,(anonymous_4)
FNDA:0,(anonymous_5)
FNDA:0,(anonymous_6)
FNDA:6,(anonymous_7)
DA:6,2
DA:7,2
DA:11,17
DA:12,17
DA:21,10
DA:22,10
DA:23,6
DA:25,4
DA:35,9
DA:38,9
DA:39,4
DA:43,9
DA:45,9
DA:54,11
DA:55,11
DA:56,11
DA:59,11
DA:60,4
DA:64,7
DA:70,18
DA:72,0
DA:82,0
DA:83,0
DA:87,0
DA:88,0
DA:94,0
DA:95,0
DA:102,0
DA:103,0
DA:104,0
DA:105,0
DA:108,0
DA:109,0
DA:110,0
DA:114,0
DA:115,0
DA:118,0
DA:120,0
DA:121,0
DA:123,0
DA:134,6
DA:137,6
DA:138,6
DA:141,6
DA:142,2
DA:146,4
DA:147,2
DA:152,2
DA:153,2
DA:157,2
LF:50
LH:30
BRDA:38,0,0,4
BRDA:38,0,1,5
BRDA:59,1,0,4
BRDA:59,1,1,7
BRDA:59,2,0,11
BRDA:59,2,1,8
BRDA:87,3,0,0
BRDA:87,3,1,0
BRDA:102,4,0,0
BRDA:102,4,1,0
BRDA:104,5,0,0
BRDA:104,5,1,0
BRDA:114,6,0,0
BRDA:114,6,1,0
BRDA:114,7,0,0
BRDA:114,7,1,0
BRDA:120,8,0,0
BRDA:120,8,1,0
BRDA:141,9,0,2
BRDA:141,9,1,4
BRDA:146,10,0,2
BRDA:146,10,1,2
BRF:22
BRH:10
end_of_record
TN:
SF:src/utils/errors.js
FN:6,(anonymous_0)
FN:16,(anonymous_1)
FN:23,(anonymous_2)
FN:30,(anonymous_3)
FN:37,(anonymous_4)
FN:44,(anonymous_5)
FN:51,(anonymous_6)
FNF:7
FNH:7
FNDA:12,(anonymous_0)
FNDA:6,(anonymous_1)
FNDA:1,(anonymous_2)
FNDA:1,(anonymous_3)
FNDA:1,(anonymous_4)
FNDA:1,(anonymous_5)
FNDA:2,(anonymous_6)
DA:7,12
DA:8,12
DA:9,12
DA:10,12
DA:11,12
DA:17,6
DA:18,6
DA:24,1
DA:25,1
DA:31,1
DA:32,1
DA:38,1
DA:39,1
DA:45,1
DA:46,1
DA:52,2
DA:53,2
DA:57,4
LF:18
LH:18
BRDA:6,0,0,0
BRDA:16,1,0,1
BRDA:23,2,0,1
BRDA:30,3,0,1
BRDA:37,4,0,1
BRDA:44,5,0,1
BRDA:51,6,0,0
BRF:7
BRH:5
end_of_record
TN:
SF:src/utils/logger.js
FN:16,(anonymous_0)
FN:22,(anonymous_1)
FN:29,(anonymous_2)
FN:35,(anonymous_3)
FN:59,(anonymous_4)
FN:63,(anonymous_5)
FN:67,(anonymous_6)
FN:71,(anonymous_7)
FNF:8
FNH:7
FNDA:3,(anonymous_0)
FNDA:3,(anonymous_1)
FNDA:40,(anonymous_2)
FNDA:40,(anonymous_3)
FNDA:18,(anonymous_4)
FNDA:19,(anonymous_5)
FNDA:3,(anonymous_6)
FNDA:0,(anonymous_7)
DA:5,3
DA:6,3
DA:8,3
DA:17,3
DA:18,3
DA:19,3
DA:23,3
DA:24,3
DA:25,0
DA:30,40
DA:31,40
DA:32,40
DA:36,40
DA:39,40
DA:40,22
DA:46,22
DA:47,22
DA:51,40
DA:52,40
DA:55,0
DA:60,18
DA:64,19
DA:68,3
DA:72,0
DA:77,3
DA:79,3
DA:80,3
LF:27
LH:24
BRDA:16,0,0,3
BRDA:16,1,0,3
BRDA:18,2,0,3
BRDA:18,2,1,0
BRDA:24,3,0,0
BRDA:24,3,1,3
BRDA:29,4,0,0
BRDA:31,5,0,40
BRDA:31,5,1,0
BRDA:35,6,0,0
BRDA:39,7,0,22
BRDA:39,7,1,18
BRDA:47,8,0,22
BRDA:47,8,1,0
BRDA:59,9,0,0
BRDA:63,10,0,0
BRDA:67,11,0,0
BRDA:71,12,0,0
BRF:18
BRH:8
end_of_record
